<?xml version="1.0" encoding="UTF-8"?>
<!-- Generated by org.testng.reporters.JUnitReportReporter -->
<testsuite skipped="0" hostname="pius-PC" name="admin.Nationality" tests="1" failures="0" timestamp="2020-05-11T19:33:50 IST" time="3.316" errors="0">
  <testcase name="NatIcons" time="3.316" classname="admin.Nationality"/>
</testsuite> <!-- admin.Nationality -->
