<?xml version="1.0" encoding="UTF-8"?>
<!-- Generated by org.testng.reporters.JUnitReportReporter -->
<testsuite skipped="0" hostname="pius-PC" name="login.Login" tests="1" failures="0" timestamp="2020-05-11T19:33:50 IST" time="25.376" errors="0">
  <testcase name="login" time="25.376" classname="login.Login"/>
</testsuite> <!-- login.Login -->
