<?xml version="1.0" encoding="UTF-8"?>
<!-- Generated by org.testng.reporters.JUnitReportReporter -->
<testsuite skipped="0" hostname="pius-PC" name="admin.Job" tests="1" failures="0" timestamp="2020-05-11T19:33:50 IST" time="14.028" errors="0">
  <testcase name="JobIcons" time="14.028" classname="admin.Job"/>
</testsuite> <!-- admin.Job -->
