<?xml version="1.0" encoding="UTF-8"?>
<!-- Generated by org.testng.reporters.JUnitReportReporter -->
<testsuite skipped="0" hostname="aadil-PC" name="homework.AddEmployee" tests="1" failures="0" timestamp="2020-04-06T16:14:51 IST" time="43.889" errors="0">
  <testcase name="addUser" time="43.889" classname="homework.AddEmployee"/>
</testsuite> <!-- homework.AddEmployee -->
