<?xml version="1.0" encoding="UTF-8"?>
<!-- Generated by org.testng.reporters.JUnitReportReporter -->
<testsuite skipped="0" hostname="aadil-PC" name="login.login" tests="1" failures="0" timestamp="2020-04-07T22:22:37 IST" time="19.977" errors="0">
  <testcase name="loginTestcase" time="19.977" classname="login.login"/>
</testsuite> <!-- login.login -->
