<?xml version="1.0" encoding="UTF-8"?>
<!-- Generated by org.testng.reporters.JUnitReportReporter -->
<testsuite skipped="0" hostname="aadil-PC" name="login.AddEmployee" tests="1" failures="0" timestamp="2020-04-08T00:17:04 IST" time="25.853" errors="0">
  <testcase name="addUser" time="25.853" classname="login.AddEmployee"/>
</testsuite> <!-- login.AddEmployee -->
