<?xml version="1.0" encoding="UTF-8"?>
<!-- Generated by org.testng.reporters.JUnitReportReporter -->
<testsuite skipped="0" hostname="aadil-PC" name="homework.Login" tests="1" failures="0" timestamp="2020-04-06T16:18:08 IST" time="21.985" errors="0">
  <testcase name="loginTestcase" time="21.985" classname="homework.Login"/>
</testsuite> <!-- homework.Login -->
